0 info it worked if it ends with ok
1 verbose cli [ 'C:\\Program Files\\nodejs\\node.exe',
1 verbose cli   'C:\\Program Files\\nodejs\\node_modules\\npm\\bin\\npm-cli.js',
1 verbose cli   'start' ]
2 info using npm@3.10.10
3 info using node@v6.11.5
4 verbose run-script [ 'prestart', 'start', 'poststart' ]
5 info lifecycle ie8test@0.0.1~prestart: ie8test@0.0.1
6 silly lifecycle ie8test@0.0.1~prestart: no script for prestart, continuing
7 info lifecycle ie8test@0.0.1~start: ie8test@0.0.1
8 verbose lifecycle ie8test@0.0.1~start: unsafe-perm in lifecycle true
9 verbose lifecycle ie8test@0.0.1~start: PATH: C:\Users\Administrator\AppData\Roaming\nvm\v6.11.5\node_modules\npm\bin\node-gyp-bin;E:\MyLearnProgram\react-ie8-test\node_modules\.bin;C:\ProgramData\Oracle\Java\javapath;E:\app\cshenger\product\11.2.0\dbhome_1\bin;C:\Windows\system32;C:\Windows;C:\Windows\System32\Wbem;C:\Windows\System32\WindowsPowerShell\v1.0\;C:\Program Files (x86)\NVIDIA Corporation\PhysX\Common;C:\WINDOWS\system32;C:\WINDOWS;C:\WINDOWS\System32\Wbem;C:\WINDOWS\System32\WindowsPowerShell\v1.0\;D:\Program Files\Git\cmd;C:\Program Files\MySQL\MySQL Utilities 1.6\;D:\Program Files\TortoiseSVN\bin;C:\Users\Administrator\AppData\Roaming\nvm;C:\Program Files\nodejs;D:\Program Files\nodejs\;%CURL_HOME%;C:\Users\Administrator\AppData\Local\Android\Sdk\tools;C:\Users\Administrator\AppData\Local\Android\Sdk\platform-tools;D:\Program Files\curl-7.57.0-win64-mingw\bin;D:\Program Files (x86)\Brackets\command;C:\Program Files\Java\jdk1.8.0_151\bin;C:\Program Files\Java\jdk1.8.0_151\jre\bin;D:\apache-maven-3.5.3\bin;;C:\WINDOWS\System32\OpenSSH\;d:\Program Files\TortoiseGit\bin;C:\Users\Administrator\Desktop\cocos2d-x-3.16\templates;C:\Users\Administrator\Desktop\cocos2d-x-3.16\tools\cocos2d-console\bin;D:\Python3.6.2\Scripts\;D:\Python3.6.2\;D:\Python27\Scripts\;D:\Python27\;C:\Users\Administrator\AppData\Local\Microsoft\WindowsApps;D:\Program Files\nvm;C:\Program Files\nodejs;C:\Users\Administrator\AppData\Local\atom\bin;C:\Program Files\MySQL\MySQL Server 5.7\bin;C:\Program Files (x86)\Microsoft VS Code\bin;C:\Users\Administrator\AppData\Roaming\nvm;C:\Users\Administrator\AppData\Roaming\npm;C:\Users\Administrator\AppData\Local\Programs\Fiddler;D:\Program Files (x86)\Egret\Egret Wing 3\bin;D:\Program Files\Fiddler;C:\Users\Administrator\AppData\Local\Microsoft\WindowsApps;C:\Users\Administrator\AppData\Local\GitHubDesktop\bin
10 verbose lifecycle ie8test@0.0.1~start: CWD: E:\MyLearnProgram\react-ie8-test
11 silly lifecycle ie8test@0.0.1~start: Args: [ '/d /s /c',
11 silly lifecycle   'webpack-dev-server --port 3000 --inline --hot --host 0.0.0.0' ]
12 silly lifecycle ie8test@0.0.1~start: Returned: code: 3221225786  signal: null
13 info lifecycle ie8test@0.0.1~start: Failed to exec start script
14 verbose stack Error: ie8test@0.0.1 start: `webpack-dev-server --port 3000 --inline --hot --host 0.0.0.0`
14 verbose stack Exit status 3221225786
14 verbose stack     at EventEmitter.<anonymous> (C:\Users\Administrator\AppData\Roaming\nvm\v6.11.5\node_modules\npm\lib\utils\lifecycle.js:255:16)
14 verbose stack     at emitTwo (events.js:106:13)
14 verbose stack     at EventEmitter.emit (events.js:191:7)
14 verbose stack     at ChildProcess.<anonymous> (C:\Users\Administrator\AppData\Roaming\nvm\v6.11.5\node_modules\npm\lib\utils\spawn.js:40:14)
14 verbose stack     at emitTwo (events.js:106:13)
14 verbose stack     at ChildProcess.emit (events.js:191:7)
14 verbose stack     at maybeClose (internal/child_process.js:920:16)
14 verbose stack     at Process.ChildProcess._handle.onexit (internal/child_process.js:230:5)
15 verbose pkgid ie8test@0.0.1
16 verbose cwd E:\MyLearnProgram\react-ie8-test
17 error Windows_NT 10.0.17134
18 error argv "C:\\Program Files\\nodejs\\node.exe" "C:\\Program Files\\nodejs\\node_modules\\npm\\bin\\npm-cli.js" "start"
19 error node v6.11.5
20 error npm  v3.10.10
21 error code ELIFECYCLE
22 error ie8test@0.0.1 start: `webpack-dev-server --port 3000 --inline --hot --host 0.0.0.0`
22 error Exit status 3221225786
23 error Failed at the ie8test@0.0.1 start script 'webpack-dev-server --port 3000 --inline --hot --host 0.0.0.0'.
23 error Make sure you have the latest version of node.js and npm installed.
23 error If you do, this is most likely a problem with the ie8test package,
23 error not with npm itself.
23 error Tell the author that this fails on your system:
23 error     webpack-dev-server --port 3000 --inline --hot --host 0.0.0.0
23 error You can get information on how to open an issue for this project with:
23 error     npm bugs ie8test
23 error Or if that isn't available, you can get their info via:
23 error     npm owner ls ie8test
23 error There is likely additional logging output above.
24 verbose exit [ 1, true ]
